 SAP2000 v14.1.0 Advanced (Analysis Build 8813/32)                              
 File: F:\Moment for solid\Com...eismic-Analysis-Methods-Git\Column_study_R3.OUT
                                                                     
                                                                       

 D I S P L A C E M E N T   D E G R E E S   O F   F R E E D O M

         (A) = Active DOF, equilibrium equation
         (-) = Restrained DOF, reaction computed
         (+) = Constrained DOF
         (>) = External substructure DOF
         ( ) = Null DOF

  JOINTS              UX  UY  UZ  RX  RY  RZ
   13876 TO   12069    A   A   A   A   A   A
    8840 TO    7749    -   -   -   -   -   -
    7002 TO    6325    A   A   A   A   A   A
    6324               -   -   -   -   -   -
    6323               A   A   A   A   A   A
    6322               -   -   -   -   -   -
    6321               A   A   A   A   A   A
    6320               -   -   -   -   -   -
    6319               A   A   A   A   A   A
    6318               -   -   -   -   -   -
    6317               A   A   A   A   A   A
    6316               -   -   -   -   -   -
    6315               A   A   A   A   A   A
    6314               -   -   -   -   -   -
    6313               A   A   A   A   A   A
    6312               -   -   -   -   -   -
    6311               A   A   A   A   A   A
    6310               -   -   -   -   -   -
    6309               A   A   A   A   A   A
    6308               -   -   -   -   -   -
    6307               A   A   A   A   A   A
    6306               -   -   -   -   -   -
    6305               A   A   A   A   A   A
    6304               -   -   -   -   -   -
    6303               A   A   A   A   A   A
    6302               -   -   -   -   -   -
    6301               A   A   A   A   A   A
    6300               -   -   -   -   -   -
    6299               A   A   A   A   A   A
    6298               -   -   -   -   -   -
    6297               A   A   A   A   A   A
    6296               -   -   -   -   -   -
    6295               A   A   A   A   A   A
    6294               -   -   -   -   -   -
    6293               A   A   A   A   A   A
    6292               -   -   -   -   -   -
    6291 TO    6287    A   A   A   A   A   A
    6286               -   -   -   -   -   -
    6285               A   A   A   A   A   A
    6284               -   -   -   -   -   -
    6283               A   A   A   A   A   A
    6282               -   -   -   -   -   -
    6281               A   A   A   A   A   A
    6280               -   -   -   -   -   -
    6279               A   A   A   A   A   A
    6278               -   -   -   -   -   -
    6277               A   A   A   A   A   A
    6276               -   -   -   -   -   -
    6275               A   A   A   A   A   A
    6274               -   -   -   -   -   -
    6273               A   A   A   A   A   A
    6272               -   -   -   -   -   -
    6271               A   A   A   A   A   A
    6270               -   -   -   -   -   -
    6269               A   A   A   A   A   A
    6268               -   -   -   -   -   -
    6267               A   A   A   A   A   A
    6266               -   -   -   -   -   -
    6265               A   A   A   A   A   A
    6264               -   -   -   -   -   -
    6263               A   A   A   A   A   A
    6262               -   -   -   -   -   -
    6261               A   A   A   A   A   A
    6260               -   -   -   -   -   -
    6259 TO    6254    A   A   A   A   A   A
    6253               -   -   -   -   -   -
    6252               A   A   A   A   A   A
    6251               -   -   -   -   -   -
    6250               A   A   A   A   A   A
    6249               -   -   -   -   -   -
    6248               A   A   A   A   A   A
    6247               -   -   -   -   -   -
    6246               A   A   A   A   A   A
    6245               -   -   -   -   -   -
    6244               A   A   A   A   A   A
    6243               -   -   -   -   -   -
    6242               A   A   A   A   A   A
    6241               -   -   -   -   -   -
    3680 TO    3522    A   A   A   A   A   A
    3519               -   -   -   -   -   -
    3258 TO    2276    A   A   A   A   A   A
    2228               -   -   -   -   -   -
    2181 TO    1651    A   A   A   A   A   A
    1650               -   -   -   -   -   -
    1637 TO     664    A   A   A   A   A   A
     663               -   -   -   -   -   -
    1636 TO     652    A   A   A   A   A   A
     651               -   -   -   -   -   -
    1635 TO     654    A   A   A   A   A   A
     653 TO    7891    -   -   -   -   -   -
    3985 TO    3666    A   A   A   A   A   A
    3665               -   -   -   -   -   -
    3478 TO    2083    A   A   A   A   A   A
    2082               -   -   -   -   -   -
    1634 TO     656    A   A   A   A   A   A
     655               -   -   -   -   -   -
   13875 TO   12013    A   A   A   A   A   A
   10847 TO    7892    -   -   -   -   -   -
    4135 TO    3668    A   A   A   A   A   A
    3667               -   -   -   -   -   -
    3514 TO    2081    A   A   A   A   A   A
    2080               -   -   -   -   -   -
    1633 TO   12011    A   A   A   A   A   A
   10844 TO    7893    -   -   -   -   -   -
    4134 TO    3670    A   A   A   A   A   A
    3669               -   -   -   -   -   -
    3509 TO    2079    A   A   A   A   A   A
    2078               -   -   -   -   -   -
    1632 TO     744    A   A   A   A   A   A
       1 TO     743                         
   10841 TO    7894    -   -   -   -   -   -
    4133 TO    3672    A   A   A   A   A   A
    3671               -   -   -   -   -   -
    3504 TO    2077    A   A   A   A   A   A
    2076               -   -   -   -   -   -
   13873 TO     658    A   A   A   A   A   A
     657 TO    7895    -   -   -   -   -   -
    4132 TO    3674    A   A   A   A   A   A
    3673               -   -   -   -   -   -
    3499 TO    2075    A   A   A   A   A   A
    2074               -   -   -   -   -   -
   13872 TO   12007    A   A   A   A   A   A
   10835 TO    7896    -   -   -   -   -   -
    4131 TO    3676    A   A   A   A   A   A
    3675               -   -   -   -   -   -
    3494 TO    2073    A   A   A   A   A   A
    2072               -   -   -   -   -   -
    1630 TO     742    A   A   A   A   A   A
     741               -   -   -   -   -   -
   13871 TO   12005    A   A   A   A   A   A
   10832 TO    7897    -   -   -   -   -   -
    4015 TO    3678    A   A   A   A   A   A
    3677               -   -   -   -   -   -
    3489 TO    2071    A   A   A   A   A   A
    2070 TO    7748    -   -   -   -   -   -
    6240 TO    6058    A   A   A   A   A   A
    6057               -   -   -   -   -   -
    6056               A   A   A   A   A   A
    6055               -   -   -   -   -   -
    6054               A   A   A   A   A   A
    6053               -   -   -   -   -   -
    6052               A   A   A   A   A   A
    6051               -   -   -   -   -   -
    6050               A   A   A   A   A   A
    6049               -   -   -   -   -   -
    6048               A   A   A   A   A   A
    6047               -   -   -   -   -   -
    6046               A   A   A   A   A   A
    6045               -   -   -   -   -   -
    3679 TO    3521    A   A   A   A   A   A
    3520               -   -   -   -   -   -
    3266 TO    2168    A   A   A   A   A   A
    2069               -   -   -   -   -   -
    1661 TO     740    A   A   A   A   A   A
     739               -   -   -   -   -   -
   13870 TO   12003    A   A   A   A   A   A
    8548 TO    7675    -   -   -   -   -   -
   13869 TO    2145    A   A   A   A   A   A
    2144               -   -   -   -   -   -
    1628 TO     738    A   A   A   A   A   A
     737               -   -   -   -   -   -
    1926 TO    1719    A   A   A   A   A   A
   10726 TO    7669    -   -   -   -   -   -
    3268 TO    2143    A   A   A   A   A   A
    2142               -   -   -   -   -   -
    1627 TO     736    A   A   A   A   A   A
     735               -   -   -   -   -   -
   13867 TO   11997    A   A   A   A   A   A
   10685 TO    7667    -   -   -   -   -   -
    3269 TO    2141    A   A   A   A   A   A
    2140               -   -   -   -   -   -
    1626 TO     734    A   A   A   A   A   A
     733 TO    7666    -   -   -   -   -   -
   13866 TO   11995    A   A   A   A   A   A
    7902 TO   10644    -   -   -   -   -   -
    3270 TO    2139    A   A   A   A   A   A
    2138               -   -   -   -   -   -
    1625 TO     732    A   A   A   A   A   A
     731               -   -   -   -   -   -
   13865 TO   11993    A   A   A   A   A   A
   10603 TO    7664    -   -   -   -   -   -
    1624 TO     730    A   A   A   A   A   A
     729               -   -   -   -   -   -
    3271 TO    2137    A   A   A   A   A   A
    2136               -   -   -   -   -   -
   13864 TO   12057    A   A   A   A   A   A
   10554 TO    7662    -   -   -   -   -   -
   11992 TO   11991    A   A   A   A   A   A
   10562 TO   10555    -   -   -   -   -   -
    1623 TO     728    A   A   A   A   A   A
     727               -   -   -   -   -   -
    3272 TO    2135    A   A   A   A   A   A
    2134 TO   10507    -   -   -   -   -   -
   11990 TO     726    A   A   A   A   A   A
     725               -   -   -   -   -   -
    1622 TO    2133    A   A   A   A   A   A
    2132 TO   10466    -   -   -   -   -   -
   13862 TO     724    A   A   A   A   A   A
     723               -   -   -   -   -   -
    3274 TO    2131    A   A   A   A   A   A
    2130 TO   10425    -   -   -   -   -   -
   13861 TO     722    A   A   A   A   A   A
     721               -   -   -   -   -   -
    3275 TO    2129    A   A   A   A   A   A
    2128               -   -   -   -   -   -
   13860 TO   11983    A   A   A   A   A   A
   10398 TO    7654    -   -   -   -   -   -
    1619 TO     720    A   A   A   A   A   A
     719               -   -   -   -   -   -
    3276 TO    2127    A   A   A   A   A   A
    2126 TO    7652    -   -   -   -   -   -
   13859 TO   11981    A   A   A   A   A   A
   10357 TO   10347    -   -   -   -   -   -
    1618 TO     718    A   A   A   A   A   A
     717               -   -   -   -   -   -
    3277 TO    2125    A   A   A   A   A   A
    2124               -   -   -   -   -   -
   13858 TO   11979    A   A   A   A   A   A
   10316 TO    7650    -   -   -   -   -   -
    1617 TO     716    A   A   A   A   A   A
     715               -   -   -   -   -   -
    3278 TO    2123    A   A   A   A   A   A
    2122 TO   10251    -   -   -   -   -   -
   13857 TO   11977    A   A   A   A   A   A
   10275 TO   10274    -   -   -   -   -   -
    1616 TO     714    A   A   A   A   A   A
     713               -   -   -   -   -   -
    3279 TO    2121    A   A   A   A   A   A
    2120               -   -   -   -   -   -
   13856 TO   11975    A   A   A   A   A   A
   10234 TO    7646    -   -   -   -   -   -
    1615 TO     712    A   A   A   A   A   A
     711               -   -   -   -   -   -
    3280 TO    2119    A   A   A   A   A   A
    2118 TO    7644    -   -   -   -   -   -
   13855 TO   11973    A   A   A   A   A   A
   10193 TO   10181    -   -   -   -   -   -
    1614 TO     710    A   A   A   A   A   A
     709               -   -   -   -   -   -
    3281 TO    2117    A   A   A   A   A   A
    2116 TO    7642    -   -   -   -   -   -
   13854 TO   11971    A   A   A   A   A   A
   10152 TO   10140    -   -   -   -   -   -
    1613 TO     708    A   A   A   A   A   A
     707               -   -   -   -   -   -
    3282 TO    2115    A   A   A   A   A   A
    2114               -   -   -   -   -   -
    2009 TO    1248    A   A   A   A   A   A
   10099 TO    7640    -   -   -   -   -   -
    2011 TO   11969    A   A   A   A   A   A
   10111 TO   10100    -   -   -   -   -   -
    1612 TO     706    A   A   A   A   A   A
     705               -   -   -   -   -   -
    3283 TO    2113    A   A   A   A   A   A
    2112               -   -   -   -   -   -
   13852 TO   11967    A   A   A   A   A   A
   10059 TO   10060    -   -   -   -   -   -
    1611 TO     704    A   A   A   A   A   A
     703               -   -   -   -   -   -
    3284 TO    2111    A   A   A   A   A   A
    2110               -   -   -   -   -   -
   13851 TO   11965    A   A   A   A   A   A
   10018 TO   10019    -   -   -   -   -   -
    1610 TO     702    A   A   A   A   A   A
     701               -   -   -   -   -   -
    3285 TO    2109    A   A   A   A   A   A
    2108               -   -   -   -   -   -
   13850 TO   11963    A   A   A   A   A   A
    9959 TO    9977    -   -   -   -   -   -
    1609 TO     700    A   A   A   A   A   A
     699               -   -   -   -   -   -
    3286 TO    2107    A   A   A   A   A   A
    2106               -   -   -   -   -   -
   13849 TO   11961    A   A   A   A   A   A
    9928 TO    9929    -   -   -   -   -   -
    1608 TO     698    A   A   A   A   A   A
     697               -   -   -   -   -   -
    3287 TO    2105    A   A   A   A   A   A
    2104               -   -   -   -   -   -
   13848 TO   11959    A   A   A   A   A   A
    9906 TO    7630    -   -   -   -   -   -
    1607 TO     696    A   A   A   A   A   A
     695               -   -   -   -   -   -
    3288 TO    2103    A   A   A   A   A   A
    2102               -   -   -   -   -   -
   13847 TO   11957    A   A   A   A   A   A
    9838 TO    9839    -   -   -   -   -   -
    1606 TO     694    A   A   A   A   A   A
     693               -   -   -   -   -   -
    3289 TO    2101    A   A   A   A   A   A
    2100               -   -   -   -   -   -
   13846 TO   11955    A   A   A   A   A   A
    9816 TO    9817    -   -   -   -   -   -
    1605 TO     692    A   A   A   A   A   A
     691               -   -   -   -   -   -
    2099               A   A   A   A   A   A
    2098               -   -   -   -   -   -
    3290 TO   11953    A   A   A   A   A   A
    9756 TO    9757    -   -   -   -   -   -
    1604 TO     690    A   A   A   A   A   A
     689               -   -   -   -   -   -
    3291 TO    2097    A   A   A   A   A   A
    2096               -   -   -   -   -   -
   13844 TO   11951    A   A   A   A   A   A
    9718 TO    9741    -   -   -   -   -   -
    1603 TO     688    A   A   A   A   A   A
     687               -   -   -   -   -   -
    3292 TO    2095    A   A   A   A   A   A
    2094               -   -   -   -   -   -
   13843 TO   11949    A   A   A   A   A   A
    9701 TO    7620    -   -   -   -   -   -
    1602 TO     686    A   A   A   A   A   A
     685               -   -   -   -   -   -
    3293 TO    2093    A   A   A   A   A   A
    2092               -   -   -   -   -   -
   13842 TO   11947    A   A   A   A   A   A
    9632 TO    9648    -   -   -   -   -   -
    1601 TO     684    A   A   A   A   A   A
     683               -   -   -   -   -   -
    2091               A   A   A   A   A   A
    2090               -   -   -   -   -   -
    3294 TO   11945    A   A   A   A   A   A
    9508 TO    9601    -   -   -   -   -   -
    1600 TO     682    A   A   A   A   A   A
     681               -   -   -   -   -   -
    3295 TO    2089    A   A   A   A   A   A
    2088               -   -   -   -   -   -
    1190 TO   11943    A   A   A   A   A   A
    9519 TO    7614    -   -   -   -   -   -
    1176 TO    1119    A   A   A   A   A   A
    9564 TO    9522    -   -   -   -   -   -
    1077               A   A   A   A   A   A
    9603 TO    9567    -   -   -   -   -   -
    1599 TO     680    A   A   A   A   A   A
     679               -   -   -   -   -   -
    3296 TO    2087    A   A   A   A   A   A
    2086 TO    9569    -   -   -   -   -   -
   13839 TO     678    A   A   A   A   A   A
     677               -   -   -   -   -   -
    3297 TO    2085    A   A   A   A   A   A
    2084 TO    8427    -   -   -   -   -   -
   13838 TO     676    A   A   A   A   A   A
     675               -   -   -   -   -   -
    3298 TO     948    A   A   A   A   A   A
    8398 TO    7739    -   -   -   -   -   -
    6044 TO    5766    A   A   A   A   A   A
    5765               -   -   -   -   -   -
    5764               A   A   A   A   A   A
    5763               -   -   -   -   -   -
    5762               A   A   A   A   A   A
    5761               -   -   -   -   -   -
    5760               A   A   A   A   A   A
    5759               -   -   -   -   -   -
    5758               A   A   A   A   A   A
    5757               -   -   -   -   -   -
    5756               A   A   A   A   A   A
    5755               -   -   -   -   -   -
    5754               A   A   A   A   A   A
    5753               -   -   -   -   -   -
    3600 TO    3517    A   A   A   A   A   A
    3516               -   -   -   -   -   -
    2227 TO    2183    A   A   A   A   A   A
    2068               -   -   -   -   -   -
    1657 TO     674    A   A   A   A   A   A
     673               -   -   -   -   -   -
    1062 TO     949    A   A   A   A   A   A
   10753 TO    7932    -   -   -   -   -   -
    3725 TO    3602    A   A   A   A   A   A
    3601               -   -   -   -   -   -
    3333 TO    2067    A   A   A   A   A   A
    2066               -   -   -   -   -   -
    1063 TO     961    A   A   A   A   A   A
   10794 TO    7933    -   -   -   -   -   -
    3953 TO    3604    A   A   A   A   A   A
    3603               -   -   -   -   -   -
    3465 TO    2065    A   A   A   A   A   A
    2064               -   -   -   -   -   -
    3300 TO     672    A   A   A   A   A   A
     671               -   -   -   -   -   -
    1075 TO     962    A   A   A   A   A   A
   10791 TO    7934    -   -   -   -   -   -
    3952 TO    3606    A   A   A   A   A   A
    3605               -   -   -   -   -   -
    3444 TO    2063    A   A   A   A   A   A
    2062               -   -   -   -   -   -
   13835 TO     670    A   A   A   A   A   A
     669               -   -   -   -   -   -
    1076 TO     963    A   A   A   A   A   A
   10788 TO    7935    -   -   -   -   -   -
    3951 TO    3608    A   A   A   A   A   A
    3607               -   -   -   -   -   -
    3423 TO    2061    A   A   A   A   A   A
    2060               -   -   -   -   -   -
    1927 TO    1005    A   A   A   A   A   A
   10785 TO    7936    -   -   -   -   -   -
    3950 TO    3610    A   A   A   A   A   A
    3609               -   -   -   -   -   -
    3402 TO    2059    A   A   A   A   A   A
    2058               -   -   -   -   -   -
   13834 TO     668    A   A   A   A   A   A
     667               -   -   -   -   -   -
    1940 TO    1006    A   A   A   A   A   A
   10782 TO    7937    -   -   -   -   -   -
    3949 TO    3612    A   A   A   A   A   A
    3611               -   -   -   -   -   -
    3381 TO    2057    A   A   A   A   A   A
    2056               -   -   -   -   -   -
   12198 TO     666    A   A   A   A   A   A
     665               -   -   -   -   -   -
    2383 TO    1018    A   A   A   A   A   A
   10778 TO    7938    -   -   -   -   -   -
    3768 TO    3614    A   A   A   A   A   A
    3613               -   -   -   -   -   -
    3360 TO    2055    A   A   A   A   A   A
    2054               -   -   -   -   -   -
    1961 TO   11870    A   A   A   A   A   A
   10777 TO    7939    -   -   -   -   -   -
    5752 TO    4694    A   A   A   A   A   A
    4693               -   -   -   -   -   -
    4692               A   A   A   A   A   A
    4691               -   -   -   -   -   -
    4690               A   A   A   A   A   A
    4689               -   -   -   -   -   -
    4688               A   A   A   A   A   A
    4687               -   -   -   -   -   -
    4686               A   A   A   A   A   A
    4685               -   -   -   -   -   -
    4684               A   A   A   A   A   A
    4683               -   -   -   -   -   -
    4682               A   A   A   A   A   A
    4681               -   -   -   -   -   -
    4680               A   A   A   A   A   A
    4679               -   -   -   -   -   -
    4678               A   A   A   A   A   A
    4677               -   -   -   -   -   -
    4676               A   A   A   A   A   A
    4675               -   -   -   -   -   -
    4674               A   A   A   A   A   A
    4673               -   -   -   -   -   -
    4672               A   A   A   A   A   A
    4671               -   -   -   -   -   -
    4670               A   A   A   A   A   A
    4669               -   -   -   -   -   -
    4668               A   A   A   A   A   A
    4667               -   -   -   -   -   -
    4666               A   A   A   A   A   A
    4665               -   -   -   -   -   -
    4664               A   A   A   A   A   A
    4663               -   -   -   -   -   -
    4662               A   A   A   A   A   A
    4661               -   -   -   -   -   -
    4660               A   A   A   A   A   A
    4659               -   -   -   -   -   -
    4658               A   A   A   A   A   A
    4657               -   -   -   -   -   -
    4656               A   A   A   A   A   A
    4655               -   -   -   -   -   -
    4654               A   A   A   A   A   A
    4653               -   -   -   -   -   -
    4652               A   A   A   A   A   A
    4651               -   -   -   -   -   -
    4650               A   A   A   A   A   A
    4649               -   -   -   -   -   -
    4648               A   A   A   A   A   A
    4647               -   -   -   -   -   -
    4646               A   A   A   A   A   A
    4645               -   -   -   -   -   -
    4644               A   A   A   A   A   A
    4643               -   -   -   -   -   -
    4642               A   A   A   A   A   A
    4641               -   -   -   -   -   -
    4640               A   A   A   A   A   A
    4639               -   -   -   -   -   -
    4638               A   A   A   A   A   A
    4637               -   -   -   -   -   -
    4636               A   A   A   A   A   A
    4635               -   -   -   -   -   -
    4634               A   A   A   A   A   A
    4633               -   -   -   -   -   -
    4632               A   A   A   A   A   A
    4631               -   -   -   -   -   -
    4630               A   A   A   A   A   A
    4629               -   -   -   -   -   -
    4628               A   A   A   A   A   A
    4627               -   -   -   -   -   -
    4626               A   A   A   A   A   A
    4625               -   -   -   -   -   -
    4624               A   A   A   A   A   A
    4623               -   -   -   -   -   -
    4622               A   A   A   A   A   A
    4621               -   -   -   -   -   -
    4620               A   A   A   A   A   A
    4619               -   -   -   -   -   -
    4618               A   A   A   A   A   A
    4617               -   -   -   -   -   -
    4616               A   A   A   A   A   A
    4615               -   -   -   -   -   -
    4614               A   A   A   A   A   A
    4613               -   -   -   -   -   -
    4612               A   A   A   A   A   A
    4611               -   -   -   -   -   -
    4610 TO    4596    A   A   A   A   A   A
    4595               -   -   -   -   -   -
    4594               A   A   A   A   A   A
    4593               -   -   -   -   -   -
    4592               A   A   A   A   A   A
    4591               -   -   -   -   -   -
    4590               A   A   A   A   A   A
    4589               -   -   -   -   -   -
    4588               A   A   A   A   A   A
    4587               -   -   -   -   -   -
    4586               A   A   A   A   A   A
    4585               -   -   -   -   -   -
    4584               A   A   A   A   A   A
    4583               -   -   -   -   -   -
    4582               A   A   A   A   A   A
    4581               -   -   -   -   -   -
    4580               A   A   A   A   A   A
    4579               -   -   -   -   -   -
    4578               A   A   A   A   A   A
    4577               -   -   -   -   -   -
    3599 TO    3518    A   A   A   A   A   A
    3515               -   -   -   -   -   -
    2226 TO    2019    A   A   A   A   A   A
    1662               -   -   -   -   -   -
    1655 TO     615    A   A   A   A   A   A
     613               -   -   -   -   -   -
